<?xml version="1.0" encoding="UTF-8"?>
<testng-results ignored="0" total="1" passed="1" failed="0" skipped="0">
  <reporter-output>
  </reporter-output>
  <suite started-at="2021-12-10T12:29:51 IST" name="Default suite" finished-at="2021-12-10T12:29:51 IST" duration-ms="112">
    <groups>
    </groups>
    <test started-at="2021-12-10T12:29:51 IST" name="Default test" finished-at="2021-12-10T12:29:51 IST" duration-ms="112">
      <class name="com.crm.practice2.Demo1">
        <test-method signature="gitHub()[pri:0, instance:com.crm.practice2.Demo1@4ef37659]" started-at="2021-12-10T12:29:51 IST" name="gitHub" finished-at="2021-12-10T12:29:51 IST" duration-ms="16" status="PASS">
          <reporter-output>
          </reporter-output>
        </test-method> <!-- gitHub -->
      </class> <!-- com.crm.practice2.Demo1 -->
    </test> <!-- Default test -->
  </suite> <!-- Default suite -->
</testng-results>
